panic(cpu 2 caller 0xffffff80007b4ad3): Kernel trap at 0xffffff8000301057, type 14=page fault, registers:
CR0: 0x000000008001003b, CR2: 0x0000000000000000, CR3: 0x0000000435ee3044, CR4: 0x00000000003626e0
RAX: 0x0000000000000000, RBX: 0xffffffaa1d9e9800, RCX: 0x00000000000000c4, RDX: 0x00000000000000c4
RSP: 0xffffffc48e8535c8, RBP: 0xffffffc48e853600, RSI: 0xffffffaa1d774308, RDI: 0x0000000000000000
R8:  0x00000000000000c4, R9:  0x0000000000000001, R10: 0xffffffaa1d9df800, R11: 0xffffffaa1e097c80
R12: 0xffffffaa1d9df800, R13: 0x0000000000000000, R14: 0xffffffc48e853b18, R15: 0x0000000000000000
RFL: 0x0000000000010282, RIP: 0xffffff8000301057, CS:  0x0000000000000008, SS:  0x0000000000000010
Fault CR2: 0x0000000000000000, Error code: 0x0000000000000002, Fault CPU: 0x2, PL: 0, VF: 0

Panicked task 0xffffffa5509c4bf8: 19 threads: pid 227: airportd
Backtrace (CPU 2), panicked thread: 0xffffffa0860f90c8, Frame : Return Address
0xffffffc48e852f80 : 0xffffff80006705fd mach_kernel : _handle_debugger_trap + 0x4ad
0xffffffc48e852fd0 : 0xffffff80007c4b84 mach_kernel : _kdp_i386_trap + 0x114
0xffffffc48e853010 : 0xffffff80007b4619 mach_kernel : _kernel_trap + 0x3c9
0xffffffc48e853070 : 0xffffff8000610951 mach_kernel : _return_from_trap + 0xc1
0xffffffc48e853090 : 0xffffff80006708dd mach_kernel : _DebuggerTrapWithState + 0x5d
0xffffffc48e853180 : 0xffffff800066ff87 mach_kernel : _panic_trap_to_debugger + 0x1a7
0xffffffc48e8531e0 : 0xffffff8000ddd09b mach_kernel : _panic + 0x84
0xffffffc48e8532d0 : 0xffffff80007b4ad3 mach_kernel : _sync_iss_to_iks + 0x2c3
0xffffffc48e853450 : 0xffffff80007b47c4 mach_kernel : _kernel_trap + 0x574
0xffffffc48e8534b0 : 0xffffff8000610951 mach_kernel : _return_from_trap + 0xc1
0xffffffc48e8534d0 : 0xffffff8000301057 
0xffffffc48e853600 : 0xffffff8004665765 com.zxystd.AirportItlwm : __ZN12AirportItlwm17apple80211RequestEjiP16IO80211InterfacePv + 0x835
0xffffffc48e853680 : 0xffffff800234a555 com.apple.iokit.IO80211FamilyLegacy : __ZL13getAP_IE_ListP17IO80211ControllerP16IO80211InterfaceP23IO80211VirtualInterfaceP21IO80211InfraInterfaceP13apple80211reqb + 0xdb
0xffffffc48e853ad0 : 0xffffff8002361e65 com.apple.iokit.IO80211FamilyLegacy : __ZN17IO80211Controller20apple80211_ioctl_getEP16IO80211InterfaceP23IO80211VirtualInterfaceP23IO80211SkywalkInterfacePv + 0x4b
0xffffffc48e853b00 : 0xffffff8002365923 com.apple.iokit.IO80211FamilyLegacy : __ZN16IO80211Interface19performGatedCommandEPvS0_S0_S0_S0_ + 0xf5
0xffffffc48e853b60 : 0xffffff8002e3ab02 com.apple.iokit.IONetworkingFamily : __ZN19IONetworkController20executeCommandActionEP8OSObjectPvS2_S2_S2_ + 0x38
0xffffffc48e853b90 : 0xffffff8000d18d98 mach_kernel : __ZN13IOCommandGate9runActionEPFiP8OSObjectPvS2_S2_S2_ES2_S2_S2_S2_ + 0xa8
0xffffffc48e853bf0 : 0xffffff8002e3ab7a com.apple.iokit.IONetworkingFamily : __ZN19IONetworkController14executeCommandEP8OSObjectPFiPvS2_S2_S2_S2_ES2_S2_S2_S2_S2_ + 0x60
0xffffffc48e853c50 : 0xffffff80023657e1 com.apple.iokit.IO80211FamilyLegacy : __ZN16IO80211Interface14performCommandEP19IONetworkControllermPvS2_ + 0x73
0xffffffc48e853c80 : 0xffffff80008af617 mach_kernel : _ifnet_ioctl + 0x287
0xffffffc48e853ce0 : 0xffffff80008a6ad9 mach_kernel : _ifioctl + 0xa49
0xffffffc48e853d80 : 0xffffff80008ac71f mach_kernel : _ifioctllocked + 0x2f
0xffffffc48e853db0 : 0xffffff8000b6cecc mach_kernel : _soo_select + 0x4ec
0xffffffc48e853e00 : 0xffffff8000b08c43 mach_kernel : _sys_fcntl_nocancel + 0x36b3
0xffffffc48e853e30 : 0xffffff8000b6813f mach_kernel : _ioctl + 0x47f
0xffffffc48e853f40 : 0xffffff8000c60020 mach_kernel : _unix_syscall64 + 0x1e0
0xffffffc48e853fa0 : 0xffffff8000610d96 mach_kernel : _hndl_unix_scall64 + 0x16
      Kernel Extensions in backtrace:
         com.apple.iokit.IONetworkingFamily(3.4)[F349EF33-2C2B-32F4-BE0F-284D3A56E2DF]@0xffffff8002e30000->0xffffff8002e46fff
         com.apple.iokit.IO80211FamilyLegacy(1200.12.2b1)[1BF2E75C-8CD9-3196-9276-23F6560EAE23]@0xffffff80022d0000->0xffffff8002416fff
            dependency: com.apple.driver.AppleMobileFileIntegrity(1.0.5)[51EB454D-1515-39A1-A67B-305B05451E22]@0xffffff8001be2000->0xffffff8001c15fff
            dependency: com.apple.driver.corecapture(1.0.4)[9E59BABB-614E-3F00-AAF5-99AD06E2DA50]@0xffffff800388c000->0xffffff80038aefff
            dependency: com.apple.iokit.CoreAnalyticsFamily(1)[7F555DBB-00BC-3E9B-A86B-099BDAFD9F60]@0xffffff8001f4f000->0xffffff8001f58fff
            dependency: com.apple.iokit.IONetworkingFamily(3.4)[F349EF33-2C2B-32F4-BE0F-284D3A56E2DF]@0xffffff8002e30000->0xffffff8002e46fff
            dependency: com.apple.iokit.IOSkywalkFamily(1.0)[327AD88D-1AC9-3F03-B52B-22E0FE33EADD]@0xffffff800317c000->0xffffff80031a8fff
            dependency: com.apple.kec.corecrypto(12.0)[DB809F2D-81A2-3B3F-A836-7DFD92D91539]@0xffffff80038bd000->0xffffff8003935fff
         com.zxystd.AirportItlwm(2.1)[FA02D059-D593-3D8E-A031-1F99EA4D67EB]@0xffffff80045ae000->0xffffff8005547fff
            dependency: com.apple.iokit.IO80211FamilyLegacy(1200.12.2b1)[1BF2E75C-8CD9-3196-9276-23F6560EAE23]@0xffffff80022d0000->0xffffff8002416fff
            dependency: com.apple.iokit.IONetworkingFamily(3.4)[F349EF33-2C2B-32F4-BE0F-284D3A56E2DF]@0xffffff8002e30000->0xffffff8002e46fff
            dependency: com.apple.iokit.IOPCIFamily(2.9)[98683EFC-EF7A-3169-8DD1-9227B9A27BAA]@0xffffff8003091000->0xffffff80030c1fff

Process name corresponding to current thread (0xffffffa0860f90c8): airportd
Boot args: -v alcid=13 alcverbs=1 -igfxmpc -wegnoegpu debug=0x100 -cdfon dart=0 -alcbeta igfxcflbklt=1 keepsyms=1 -igfxnohdmi -igfxlspcon -igfxhdmidivs npci=0x2000 alcdelay=1000 -igfxcdc -igfxsku -igfxdvmt -igfxblr agdpmod=vit9696 watchdog=0

Mac OS version:
22E252

Kernel version:
Darwin Kernel Version 22.4.0: Mon Mar  6 21:00:17 PST 2023; root:xnu-8796.101.5~3/RELEASE_X86_64
Kernel UUID: CF2A42DA-3F7C-30C6-9433-6F2076FF1F94
roots installed: 0
KernelCache slide: 0x0000000000200000
KernelCache base:  0xffffff8000400000
Kernel slide:      0x00000000002dc000
Kernel text base:  0xffffff80004dc000
__HIB  text base: 0xffffff8000300000
System model name: MacBookPro15,2 (Mac-827FB448E656EC26)
System shutdown begun: NO
Panic diags file available: YES (0x0)
Hibernation exit count: 0

System uptime in nanoseconds: 301822208638
Last Sleep:           absolute           base_tsc          base_nano
  Uptime  : 0x0000004646016d5a
  Sleep   : 0x0000000000000000 0x0000000000000000 0x0000000000000000
  Wake    : 0x0000000000000000 0x000000136d13188c 0x0000000000000000
Compressor Info: 0% of compressed pages limit (OK) and 0% of segments limit (OK) with 0 swapfiles and OK swap space
Zone info:
  Zone map: 0xffffff9a1cbff000 - 0xffffffba1cbff000
  . PGZ   : 0xffffff9a1cbff000 - 0xffffff9a1ec00000
  . VM    : 0xffffff9a1ec00000 - 0xffffff9eeb3ff000
  . RO    : 0xffffff9eeb3ff000 - 0xffffffa084bff000
  . GEN0  : 0xffffffa084bff000 - 0xffffffa5513ff000
  . GEN1  : 0xffffffa5513ff000 - 0xffffffaa1dbff000
  . GEN2  : 0xffffffaa1dbff000 - 0xffffffaeea3ff000
  . GEN3  : 0xffffffaeea3ff000 - 0xffffffb3b6bff000
  . DATA  : 0xffffffb3b6bff000 - 0xffffffba1cbff000
  Metadata: 0xffffffc4004f3000 - 0xffffffc4204f3000
  Bitmaps : 0xffffffc4204f3000 - 0xffffffc4234f3000
  Extra   : 0 - 0



